<?xml version="1.0" encoding="UTF-8"?>
<!-- Generated by org.testng.reporters.JUnitXMLReporter -->
<testsuite hostname="LAPTOP-C4JBVE4V" ignored="14" name="Test" tests="2" failures="1" timestamp="2021-10-22T13:38:03 IST" time="374.06" errors="0">
  <testcase name="aastudent" time="144.343" classname="mvntst.mvnj.Qualicoach">
    <failure type="org.openqa.selenium.NoSuchElementException" message="no such element: Unable to locate element: {&amp;quot;method&amp;quot;:&amp;quot;xpath&amp;quot;,&amp;quot;selector&amp;quot;:&amp;quot;//p[contains(text(),&amp;apos;Devops 101&amp;apos;)]&amp;quot;}
  (Session info: chrome=95.0.4638.54)
For documentation on this error, please visit: http://seleniumhq.org/exceptions/no_such_element.html
Build info: version: &amp;apos;3.12.0&amp;apos;, revision: &amp;apos;7c6e0b3&amp;apos;, time: &amp;apos;2018-05-08T14:04:26.12Z&amp;apos;
System info: host: &amp;apos;LAPTOP-C4JBVE4V&amp;apos;, ip: &amp;apos;192.168.56.1&amp;apos;, os.name: &amp;apos;Windows 10&amp;apos;, os.arch: &amp;apos;amd64&amp;apos;, os.version: &amp;apos;10.0&amp;apos;, java.version: &amp;apos;1.8.0_301&amp;apos;
Driver info: org.openqa.selenium.chrome.ChromeDriver
Capabilities {acceptInsecureCerts: false, browserName: chrome, browserVersion: 95.0.4638.54, chrome: {chromedriverVersion: 94.0.4606.41 (333e85df3c9b6..., userDataDir: C:\Users\NIKHIL~1\AppData\L...}, goog:chromeOptions: {debuggerAddress: localhost:59134}, javascriptEnabled: true, networkConnectionEnabled: false, pageLoadStrategy: normal, platform: WINDOWS, platformName: WINDOWS, proxy: Proxy(), setWindowRect: true, strictFileInteractability: false, timeouts: {implicit: 0, pageLoad: 300000, script: 30000}, unhandledPromptBehavior: dismiss and notify, webauthn:extension:credBlob: true, webauthn:extension:largeBlob: true, webauthn:virtualAuthenticators: true}
Session ID: a917100cb4e9456016d1c8603bff7761
*** Element info: {Using=xpath, value=//p[contains(text(),&amp;apos;Devops 101&amp;apos;)]}">
      <![CDATA[org.openqa.selenium.NoSuchElementException: no such element: Unable to locate element: {"method":"xpath","selector":"//p[contains(text(),'Devops 101')]"}
  (Session info: chrome=95.0.4638.54)
For documentation on this error, please visit: http://seleniumhq.org/exceptions/no_such_element.html
Build info: version: '3.12.0', revision: '7c6e0b3', time: '2018-05-08T14:04:26.12Z'
System info: host: 'LAPTOP-C4JBVE4V', ip: '192.168.56.1', os.name: 'Windows 10', os.arch: 'amd64', os.version: '10.0', java.version: '1.8.0_301'
Driver info: org.openqa.selenium.chrome.ChromeDriver
Capabilities {acceptInsecureCerts: false, browserName: chrome, browserVersion: 95.0.4638.54, chrome: {chromedriverVersion: 94.0.4606.41 (333e85df3c9b6..., userDataDir: C:\Users\NIKHIL~1\AppData\L...}, goog:chromeOptions: {debuggerAddress: localhost:59134}, javascriptEnabled: true, networkConnectionEnabled: false, pageLoadStrategy: normal, platform: WINDOWS, platformName: WINDOWS, proxy: Proxy(), setWindowRect: true, strictFileInteractability: false, timeouts: {implicit: 0, pageLoad: 300000, script: 30000}, unhandledPromptBehavior: dismiss and notify, webauthn:extension:credBlob: true, webauthn:extension:largeBlob: true, webauthn:virtualAuthenticators: true}
Session ID: a917100cb4e9456016d1c8603bff7761
*** Element info: {Using=xpath, value=//p[contains(text(),'Devops 101')]}
at org.openqa.selenium.remote.http.W3CHttpResponseCodec.createException(W3CHttpResponseCodec.java:187)
at org.openqa.selenium.remote.http.W3CHttpResponseCodec.decode(W3CHttpResponseCodec.java:122)
at org.openqa.selenium.remote.http.W3CHttpResponseCodec.decode(W3CHttpResponseCodec.java:49)
at org.openqa.selenium.remote.HttpCommandExecutor.execute(HttpCommandExecutor.java:158)
at org.openqa.selenium.remote.service.DriverCommandExecutor.execute(DriverCommandExecutor.java:83)
at org.openqa.selenium.remote.RemoteWebDriver.execute(RemoteWebDriver.java:543)
at org.openqa.selenium.remote.RemoteWebDriver.findElement(RemoteWebDriver.java:317)
at org.openqa.selenium.remote.RemoteWebDriver.findElementByXPath(RemoteWebDriver.java:419)
at org.openqa.selenium.By$ByXPath.findElement(By.java:353)
at org.openqa.selenium.remote.RemoteWebDriver.findElement(RemoteWebDriver.java:309)
at pageObjects.courseEnroll.select(courseEnroll.java:35)
at collaborated.student.dummyEnroll(student.java:165)
at mvntst.mvnj.Qualicoach.aastudent(Qualicoach.java:23)
at java.util.ArrayList.forEach(ArrayList.java:1259)
... Removed 35 stack frames]]>
    </failure>
  </testcase> <!-- aastudent -->
  <testcase name="admin" time="229.687" classname="mvntst.mvnj.Qualicoach"/>
  <testcase name="bdeleteUser" time="0.0" classname="mvntst.mvnj.adminFull">
    <ignored/>
  </testcase> <!-- bdeleteUser -->
  <testcase name="admin" time="0.0" classname="mvntst.mvnj.adminMain">
    <ignored/>
  </testcase> <!-- admin -->
  <testcase name="user" time="0.0" classname="mvntst.mvnj.studentFull">
    <ignored/>
  </testcase> <!-- user -->
  <testcase name="createCourse" time="0.0" classname="mvntst.mvnj.adminFull">
    <ignored/>
  </testcase> <!-- createCourse -->
  <testcase name="addUser" time="0.0" classname="mvntst.mvnj.adminFull">
    <ignored/>
  </testcase> <!-- addUser -->
  <testcase name="student" time="0.0" classname="mvntst.mvnj.studentMain">
    <ignored/>
  </testcase> <!-- student -->
  <testcase name="dummyEnroll" time="0.0" classname="mvntst.mvnj.studentFull">
    <ignored/>
  </testcase> <!-- dummyEnroll -->
  <testcase name="validLogin" time="0.0" classname="mvntst.mvnj.studentFull">
    <ignored/>
  </testcase> <!-- validLogin -->
  <testcase name="login" time="0.0" classname="mvntst.mvnj.adminFull">
    <ignored/>
  </testcase> <!-- login -->
  <testcase name="courseCert" time="0.0" classname="mvntst.mvnj.studentFull">
    <ignored/>
  </testcase> <!-- courseCert -->
  <testcase name="invalidLogin" time="0.0" classname="mvntst.mvnj.studentFull">
    <ignored/>
  </testcase> <!-- invalidLogin -->
  <testcase name="downloadReport" time="0.0" classname="mvntst.mvnj.adminFull">
    <ignored/>
  </testcase> <!-- downloadReport -->
  <testcase name="badgeNsurvey" time="0.0" classname="mvntst.mvnj.studentFull">
    <ignored/>
  </testcase> <!-- badgeNsurvey -->
  <testcase name="dummyQuiz" time="0.0" classname="mvntst.mvnj.studentFull">
    <ignored/>
  </testcase> <!-- dummyQuiz -->
</testsuite> <!-- Test -->
